<?xml version="1.0" encoding="UTF-8"?>
<testsuite xmlns:xsi="http://www.w3.org/2001/XMLSchema-instance" xsi:schemaLocation="https://maven.apache.org/surefire/maven-surefire-plugin/xsd/surefire-test-report.xsd" name="TestSuite" time="25.628" tests="65" errors="0" skipped="0" failures="0">
  <properties>
    <property name="JOB_NAME" value="OpenWeatherJob"/>
    <property name="java.vendor" value="Oracle Corporation"/>
    <property name="sun.java.launcher" value="SUN_STANDARD"/>
    <property name="NUMBER_OF_PROCESSORS" value="4"/>
    <property name="sun.management.compiler" value="HotSpot 64-Bit Tiered Compilers"/>
    <property name="JENKINS_HOME" value="C:\Users\RAHIM\.jenkins"/>
    <property name="FPS_BROWSER_USER_PROFILE_STRING" value="Default"/>
    <property name="HUDSON_SERVER_COOKIE" value="b5447723f468d4bd"/>
    <property name="POM_ARTIFACTID" value="ResrAssuredBDDFramework"/>
    <property name="os.name" value="Windows 10"/>
    <property name="EXECUTOR_NUMBER" value="1"/>
    <property name="sun.desktop" value="windows"/>
    <property name="PATHEXT" value=".COM;.EXE;.BAT;.CMD;.VBS;.VBE;.JS;.JSE;.WSF;.WSH;.MSC"/>
    <property name="POM_DISPLAYNAME" value="ResrAssuredBDDFramework"/>
    <property name="java.vm.specification.vendor" value="Oracle Corporation"/>
    <property name="TEMP" value="C:\Users\RAHIM\AppData\Local\Temp"/>
    <property name="NODE_LABELS" value="master"/>
    <property name="java.runtime.version" value="11+28"/>
    <property name="FPS_BROWSER_APP_PROFILE_STRING" value="Internet Explorer"/>
    <property name="user.name" value="RAHIM"/>
    <property name="guice.disable.misplaced.annotation.check" value="true"/>
    <property name="CommonProgramW6432" value="C:\Program Files\Common Files"/>
    <property name="ProgramFiles" value="C:\Program Files"/>
    <property name="PROMPT" value="$P$G"/>
    <property name="user.language" value="en"/>
    <property name="JOB_BASE_NAME" value="OpenWeatherJob"/>
    <property name="RUN_CHANGES_DISPLAY_URL" value="http://localhost:8080/job/OpenWeatherJob/5/display/redirect?page=changes"/>
    <property name="BUILD_DISPLAY_NAME" value="#5"/>
    <property name="OneDrive" value="C:\Users\RAHIM\OneDrive"/>
    <property name="sun.boot.library.path" value="C:\Users\RAHIM\Downloads\openjdk-11+28_windows-x64_bin\jdk-11\bin"/>
    <property name="java.vm.compressedOopsMode" value="32-bit"/>
    <property name="LOCALAPPDATA" value="C:\Users\RAHIM\AppData\Local"/>
    <property name="java.version" value="11"/>
    <property name="user.timezone" value="America/New_York"/>
    <property name="PROCESSOR_LEVEL" value="6"/>
    <property name="USERNAME" value="RAHIM"/>
    <property name="sun.arch.data.model" value="64"/>
    <property name="NODE_NAME" value="master"/>
    <property name="BUILD_ID" value="5"/>
    <property name="sun.cpu.isalist" value="amd64"/>
    <property name="sun.jnu.encoding" value="Cp1252"/>
    <property name="maven.conf" value="C:\Users\RAHIM\.jenkins\tools\hudson.tasks.Maven_MavenInstallation\TestMaven\conf"/>
    <property name="HOMEDRIVE" value="C:"/>
    <property name="file.separator" value="\"/>
    <property name="java.specification.name" value="Java Platform API Specification"/>
    <property name="java.class.version" value="55.0"/>
    <property name="=::" value="::\"/>
    <property name="org.slf4j.simpleLogger.defaultLogLevel" value="info"/>
    <property name="user.country" value="US"/>
    <property name="ALLUSERSPROFILE" value="C:\ProgramData"/>
    <property name="java.home" value="C:\Users\RAHIM\Downloads\openjdk-11+28_windows-x64_bin\jdk-11"/>
    <property name="java.vm.info" value="mixed mode"/>
    <property name="os.version" value="10.0"/>
    <property name="RUN_DISPLAY_URL" value="http://localhost:8080/job/OpenWeatherJob/5/display/redirect"/>
    <property name="POM_VERSION" value="0.0.1-SNAPSHOT"/>
    <property name="TMP" value="C:\Users\RAHIM\AppData\Local\Temp"/>
    <property name="path.separator" value=";"/>
    <property name="java.vm.version" value="11+28"/>
    <property name="user.variant" value=""/>
    <property name="CommonProgramFiles(x86)" value="C:\Program Files (x86)\Common Files"/>
    <property name="JOB_DISPLAY_URL" value="http://localhost:8080/job/OpenWeatherJob/display/redirect"/>
    <property name="USERDOMAIN_ROAMINGPROFILE" value="DESKTOP-37A406O"/>
    <property name="java.awt.printerjob" value="sun.awt.windows.WPrinterJob"/>
    <property name="CommonProgramFiles" value="C:\Program Files\Common Files"/>
    <property name="sun.io.unicode.encoding" value="UnicodeLittle"/>
    <property name="JAVA_HOME" value="C:\Program Files\Java\jdk-11.0.1"/>
    <property name="ComSpec" value="C:\WINDOWS\system32\cmd.exe"/>
    <property name="HOMEPATH" value="\Users\RAHIM"/>
    <property name="awt.toolkit" value="sun.awt.windows.WToolkit"/>
    <property name="POM_PACKAGING" value="jar"/>
    <property name="COMPUTERNAME" value="DESKTOP-37A406O"/>
    <property name="user.script" value=""/>
    <property name="POM_GROUPID" value="ResrAssuredBDDFramework"/>
    <property name="user.home" value="C:\Users\RAHIM"/>
    <property name="PUBLIC" value="C:\Users\Public"/>
    <property name="BUILD_TAG" value="jenkins-OpenWeatherJob-5"/>
    <property name="JENKINS_SERVER_COOKIE" value="b5447723f468d4bd"/>
    <property name="HUDSON_URL" value="http://localhost:8080/"/>
    <property name="ProgramData" value="C:\ProgramData"/>
    <property name="java.version.date" value="2018-09-25"/>
    <property name="java.specification.vendor" value="Oracle Corporation"/>
    <property name="USERPROFILE" value="C:\Users\RAHIM"/>
    <property name="CLASSPATH" value=""/>
    <property name="java.library.path" value="C:\Users\RAHIM\Downloads\openjdk-11+28_windows-x64_bin\jdk-11\bin;C:\WINDOWS\Sun\Java\bin;C:\WINDOWS\system32;C:\WINDOWS;C:\Users\RAHIM\.jenkins\tools\hudson.tasks.Maven_MavenInstallation\TestMaven/bin;C:\WINDOWS\system32;C:\WINDOWS;C:\WINDOWS\System32\Wbem;C:\WINDOWS\System32\WindowsPowerShell\v1.0\;C:\WINDOWS\System32\OpenSSH\;C:\Users\RAHIM\eclipse-workspace;C:\Program Files (x86)\Windows Kits\10\Windows Performance Toolkit\;M2_HOME%bin;C:\Users\RAHIM\Downloads\openjdk-11+28_windows-x64_bin\jdk-11\bin;C:\Users\RAHIM\AppData\Local\Microsoft\WindowsApps;C:\Users\RAHIM\AppData\Local\GitHubDesktop\bin;."/>
    <property name="java.vendor.url" value="http://java.oracle.com/"/>
    <property name="java.vm.vendor" value="Oracle Corporation"/>
    <property name="APPDATA" value="C:\Users\RAHIM\AppData\Roaming"/>
    <property name="java.runtime.name" value="OpenJDK Runtime Environment"/>
    <property name="maven.home" value="C:\Users\RAHIM\.jenkins\tools\hudson.tasks.Maven_MavenInstallation\TestMaven"/>
    <property name="java.class.path" value="C:\Users\RAHIM\.jenkins\plugins\maven-plugin\WEB-INF\lib\maven35-agent-1.12.jar;C:\Users\RAHIM\.jenkins\tools\hudson.tasks.Maven_MavenInstallation\TestMaven\boot\plexus-classworlds-2.6.0.jar;C:\Users\RAHIM\.jenkins\tools\hudson.tasks.Maven_MavenInstallation\TestMaven/conf/logging"/>
    <property name="sun.java.command" value="jenkins.maven3.agent.Maven35Main C:\Users\RAHIM\.jenkins\tools\hudson.tasks.Maven_MavenInstallation\TestMaven C:\Users\RAHIM\.jenkins\war\WEB-INF\lib\remoting-3.29.jar C:\Users\RAHIM\.jenkins\plugins\maven-plugin\WEB-INF\lib\maven35-interceptor-1.12.jar C:\Users\RAHIM\.jenkins\plugins\maven-plugin\WEB-INF\lib\maven3-interceptor-commons-1.12.jar 52316"/>
    <property name="Path" value="C:\WINDOWS\system32;C:\WINDOWS;C:\WINDOWS\System32\Wbem;C:\WINDOWS\System32\WindowsPowerShell\v1.0\;C:\WINDOWS\System32\OpenSSH\;C:\Users\RAHIM\eclipse-workspace;C:\Program Files (x86)\Windows Kits\10\Windows Performance Toolkit\;M2_HOME%bin;C:\Users\RAHIM\Downloads\openjdk-11+28_windows-x64_bin\jdk-11\bin;C:\Users\RAHIM\AppData\Local\Microsoft\WindowsApps;C:\Users\RAHIM\AppData\Local\GitHubDesktop\bin"/>
    <property name="jdk.debug" value="release"/>
    <property name="PROCESSOR_ARCHITECTURE" value="AMD64"/>
    <property name="java.vm.specification.name" value="Java Virtual Machine Specification"/>
    <property name="SESSIONNAME" value="Console"/>
    <property name="PROCESSOR_IDENTIFIER" value="Intel64 Family 6 Model 37 Stepping 2, GenuineIntel"/>
    <property name="java.vm.specification.version" value="11"/>
    <property name="M2_HOME" value="C:\Users\RAHIM\.jenkins\tools\hudson.tasks.Maven_MavenInstallation\TestMaven"/>
    <property name="sun.cpu.endian" value="little"/>
    <property name="sun.os.patch.level" value=""/>
    <property name="OS" value="Windows_NT"/>
    <property name="java.io.tmpdir" value="C:\Users\RAHIM\AppData\Local\Temp\"/>
    <property name="HUDSON_HOME" value="C:\Users\RAHIM\.jenkins"/>
    <property name="PATH+MAVEN" value="C:\Users\RAHIM\.jenkins\tools\hudson.tasks.Maven_MavenInstallation\TestMaven/bin"/>
    <property name="ProgramFiles(x86)" value="C:\Program Files (x86)"/>
    <property name="java.vendor.url.bug" value="http://bugreport.java.com/bugreport/"/>
    <property name="BUILD_URL" value="http://localhost:8080/job/OpenWeatherJob/5/"/>
    <property name="SystemRoot" value="C:\WINDOWS"/>
    <property name="os.arch" value="amd64"/>
    <property name="java.awt.graphicsenv" value="sun.awt.Win32GraphicsEnvironment"/>
    <property name="user.dir" value="C:\Users\RAHIM\eclipse-workspace\ResrAssuredBDDFramework"/>
    <property name="JOB_URL" value="http://localhost:8080/job/OpenWeatherJob/"/>
    <property name="LOGONSERVER" value="\\DESKTOP-37A406O"/>
    <property name="USERDOMAIN" value="DESKTOP-37A406O"/>
    <property name="MAVEN_HOME" value="C:\Users\RAHIM\.jenkins\tools\hudson.tasks.Maven_MavenInstallation\TestMaven"/>
    <property name="line.separator" value="&#10;"/>
    <property name="java.vm.name" value="OpenJDK 64-Bit Server VM"/>
    <property name="BUILD_NUMBER" value="5"/>
    <property name="PROCESSOR_REVISION" value="2502"/>
    <property name="JENKINS_URL" value="http://localhost:8080/"/>
    <property name="ProgramW6432" value="C:\Program Files"/>
    <property name="windir" value="C:\WINDOWS"/>
    <property name="=C:" value="C:\Users\RAHIM\Documents\Jenkins"/>
    <property name="file.encoding" value="Cp1252"/>
    <property name="SystemDrive" value="C:"/>
    <property name="maven3.interceptor" value="C:\Users\RAHIM\.jenkins\plugins\maven-plugin\WEB-INF\lib\maven35-interceptor-1.12.jar"/>
    <property name="WORKSPACE" value="C:\Users\RAHIM\.jenkins\workspace\OpenWeatherJob"/>
    <property name="maven3.interceptor.common" value="C:\Users\RAHIM\.jenkins\plugins\maven-plugin\WEB-INF\lib\maven3-interceptor-commons-1.12.jar"/>
    <property name="PSModulePath" value="C:\WINDOWS\system32\WindowsPowerShell\v1.0\Modules\"/>
    <property name="java.specification.version" value="11"/>
    <property name="DriverData" value="C:\Windows\System32\Drivers\DriverData"/>
    <property name="java.vendor.version" value="18.9"/>
  </properties>
  <testcase name="test_numberOfCircuitsFor2017_Season" classname="com.qa.rest.tests.TestCarRacingBDD" time="4.192"/>
  <testcase name="getWeatherOfBanglore" classname="com.qa.rest.tests.TestWeatherAPI" time="0.533"/>
  <testcase name="getWeatherBangaloreInvalidCity" classname="com.qa.rest.tests.TestWeatherAPI" time="0.153"/>
  <testcase name="getWeatherBangaloreInvalidKey" classname="com.qa.rest.tests.TestWeatherAPI" time="0.239"/>
  <testcase name="getWeatherOfDelhi" classname="com.qa.rest.tests.TestWeatherAPI" time="0.526"/>
  <testcase name="verifyWithValidData" classname="com.qa.rest.tests.TestWeatherAPIWithDataProvider" time="0.354"/>
  <testcase name="verifyWithValidData" classname="com.qa.rest.tests.TestWeatherAPIWithDataProvider" time="0.201"/>
  <testcase name="verifyWithValidData" classname="com.qa.rest.tests.TestWeatherAPIWithDataProvider" time="0.296"/>
  <testcase name="verifyWithValidData" classname="com.qa.rest.tests.TestWeatherAPIWithDataProvider" time="0.164"/>
  <testcase name="verifyWithValidData" classname="com.qa.rest.tests.TestWeatherAPIWithDataProvider" time="0.285"/>
  <testcase name="verifyWithValidData" classname="com.qa.rest.tests.TestWeatherAPIWithDataProvider" time="0.285"/>
  <testcase name="verifyWithValidData" classname="com.qa.rest.tests.TestWeatherAPIWithDataProvider" time="0.316"/>
  <testcase name="verifyWithValidData" classname="com.qa.rest.tests.TestWeatherAPIWithDataProvider" time="0.237"/>
  <testcase name="verifyWithValidData" classname="com.qa.rest.tests.TestWeatherAPIWithDataProvider" time="0.285"/>
  <testcase name="verifyWithValidData" classname="com.qa.rest.tests.TestWeatherAPIWithDataProvider" time="0.285"/>
  <testcase name="verifyWithValidData" classname="com.qa.rest.tests.TestWeatherAPIWithDataProvider" time="0.247"/>
  <testcase name="verifyWithValidData" classname="com.qa.rest.tests.TestWeatherAPIWithDataProvider" time="0.254"/>
  <testcase name="verifyWithValidData" classname="com.qa.rest.tests.TestWeatherAPIWithDataProvider" time="0.416"/>
  <testcase name="verifyWithValidData" classname="com.qa.rest.tests.TestWeatherAPIWithDataProvider" time="0.201"/>
  <testcase name="verifyWithValidData" classname="com.qa.rest.tests.TestWeatherAPIWithDataProvider" time="0.283"/>
  <testcase name="verifyWithValidData" classname="com.qa.rest.tests.TestWeatherAPIWithDataProvider" time="0.335"/>
  <testcase name="verifyWithValidData" classname="com.qa.rest.tests.TestWeatherAPIWithDataProvider" time="0.213"/>
  <testcase name="verifyWithValidData" classname="com.qa.rest.tests.TestWeatherAPIWithDataProvider" time="0.148"/>
  <testcase name="verifyWithValidData" classname="com.qa.rest.tests.TestWeatherAPIWithDataProvider" time="0.185"/>
  <testcase name="verifyWithValidData" classname="com.qa.rest.tests.TestWeatherAPIWithDataProvider" time="0.178"/>
  <testcase name="verifyWithValidData" classname="com.qa.rest.tests.TestWeatherAPIWithDataProvider" time="0.269"/>
  <testcase name="verifyWithValidData" classname="com.qa.rest.tests.TestWeatherAPIWithDataProvider" time="0.17"/>
  <testcase name="verifyWithValidData" classname="com.qa.rest.tests.TestWeatherAPIWithDataProvider" time="0.269"/>
  <testcase name="verifyWithValidData" classname="com.qa.rest.tests.TestWeatherAPIWithDataProvider" time="0.185"/>
  <testcase name="verifyWithValidData" classname="com.qa.rest.tests.TestWeatherAPIWithDataProvider" time="0.179"/>
  <testcase name="verifyWithValidData" classname="com.qa.rest.tests.TestWeatherAPIWithDataProvider" time="0.287"/>
  <testcase name="verifyWithValidData" classname="com.qa.rest.tests.TestWeatherAPIWithDataProvider" time="0.169"/>
  <testcase name="verifyWithValidData" classname="com.qa.rest.tests.TestWeatherAPIWithDataProvider" time="0.254"/>
  <testcase name="verifyWithValidData" classname="com.qa.rest.tests.TestWeatherAPIWithDataProvider" time="0.185"/>
  <testcase name="verifyWithValidData" classname="com.qa.rest.tests.TestWeatherAPIWithDataProvider" time="0.2"/>
  <testcase name="verifyWithInvalidData" classname="com.qa.rest.tests.TestWeatherAPIWithDataProvider" time="0.149"/>
  <testcase name="verifyWithInvalidData" classname="com.qa.rest.tests.TestWeatherAPIWithDataProvider" time="0.144"/>
  <testcase name="verifyWithInvalidData" classname="com.qa.rest.tests.TestWeatherAPIWithDataProvider" time="0.27"/>
  <testcase name="verifyWithInvalidData" classname="com.qa.rest.tests.TestWeatherAPIWithDataProvider" time="0.153"/>
  <testcase name="verifyWithInvalidData" classname="com.qa.rest.tests.TestWeatherAPIWithDataProvider" time="0.162"/>
  <testcase name="verifyWithInvalidData" classname="com.qa.rest.tests.TestWeatherAPIWithDataProvider" time="0.147"/>
  <testcase name="verifyWithInvalidData" classname="com.qa.rest.tests.TestWeatherAPIWithDataProvider" time="0.14"/>
  <testcase name="verifyWithInvalidData" classname="com.qa.rest.tests.TestWeatherAPIWithDataProvider" time="0.157"/>
  <testcase name="verifyWithInvalidData" classname="com.qa.rest.tests.TestWeatherAPIWithDataProvider" time="0.132"/>
  <testcase name="verifyWithInvalidData" classname="com.qa.rest.tests.TestWeatherAPIWithDataProvider" time="0.131"/>
  <testcase name="verifyWithInvalidData" classname="com.qa.rest.tests.TestWeatherAPIWithDataProvider" time="0.123"/>
  <testcase name="verifyWithInvalidData" classname="com.qa.rest.tests.TestWeatherAPIWithDataProvider" time="0.223"/>
  <testcase name="verifyWithInvalidData" classname="com.qa.rest.tests.TestWeatherAPIWithDataProvider" time="0.148"/>
  <testcase name="verifyWithInvalidData" classname="com.qa.rest.tests.TestWeatherAPIWithDataProvider" time="0.132"/>
  <testcase name="verifyWithInvalidData" classname="com.qa.rest.tests.TestWeatherAPIWithDataProvider" time="0.147"/>
  <testcase name="verifyWithInvalidData" classname="com.qa.rest.tests.TestWeatherAPIWithDataProvider" time="0.132"/>
  <testcase name="verifyWithInvalidData" classname="com.qa.rest.tests.TestWeatherAPIWithDataProvider" time="0.131"/>
  <testcase name="verifyWithInvalidData" classname="com.qa.rest.tests.TestWeatherAPIWithDataProvider" time="0.131"/>
  <testcase name="verifyWithInvalidData" classname="com.qa.rest.tests.TestWeatherAPIWithDataProvider" time="0.131"/>
  <testcase name="verifyWithInvalidData" classname="com.qa.rest.tests.TestWeatherAPIWithDataProvider" time="0.131"/>
  <testcase name="verifyWithInvalidData" classname="com.qa.rest.tests.TestWeatherAPIWithDataProvider" time="0.231"/>
  <testcase name="verifyWithInvalidData" classname="com.qa.rest.tests.TestWeatherAPIWithDataProvider" time="0.169"/>
  <testcase name="verifyWithInvalidData" classname="com.qa.rest.tests.TestWeatherAPIWithDataProvider" time="0.154"/>
  <testcase name="verifyWithInvalidData" classname="com.qa.rest.tests.TestWeatherAPIWithDataProvider" time="0.131"/>
  <testcase name="verifyWithInvalidData" classname="com.qa.rest.tests.TestWeatherAPIWithDataProvider" time="0.148"/>
  <testcase name="verifyWithInvalidData" classname="com.qa.rest.tests.TestWeatherAPIWithDataProvider" time="0.147"/>
  <testcase name="verifyWithInvalidData" classname="com.qa.rest.tests.TestWeatherAPIWithDataProvider" time="0.132"/>
  <testcase name="verifyWithInvalidData" classname="com.qa.rest.tests.TestWeatherAPIWithDataProvider" time="0.132"/>
  <testcase name="verifyWithInvalidData" classname="com.qa.rest.tests.TestWeatherAPIWithDataProvider" time="0.132"/>
  <testcase name="verifyWithInvalidData" classname="com.qa.rest.tests.TestWeatherAPIWithDataProvider" time="0.247"/>
</testsuite>