<?xml version="1.0" encoding="UTF-8"?>
<!-- Generated by org.testng.reporters.JUnitReportReporter -->
<testsuite hostname="DESKTOP-37A406O" failures="0" tests="4" name="com.qa.rest.tests.TestWeatherAPI" time="5.667" errors="0" timestamp="28 Apr 2019 20:11:33 GMT" skipped="0">
  <testcase classname="com.qa.rest.tests.TestWeatherAPI" name="getWeatherOfBanglore" time="3.416"/>
  <testcase classname="com.qa.rest.tests.TestWeatherAPI" name="getWeatherBangaloreInvalidCity" time="0.889"/>
  <testcase classname="com.qa.rest.tests.TestWeatherAPI" name="getWeatherBangaloreInvalidKey" time="0.180"/>
  <testcase classname="com.qa.rest.tests.TestWeatherAPI" name="getWeatherOfDelhi" time="1.182"/>
</testsuite> <!-- com.qa.rest.tests.TestWeatherAPI -->
