<?xml version="1.0" encoding="UTF-8"?>
<!-- Generated by org.testng.reporters.JUnitReportReporter -->
<testsuite hostname="DESKTOP-37A406O" failures="0" tests="60" name="com.qa.rest.tests.TestWeatherAPIWithDataProvider" time="32.321" errors="0" timestamp="03 May 2019 06:53:54 GMT" skipped="0">
  <testcase classname="com.qa.rest.tests.TestWeatherAPIWithDataProvider" name="verifyWithValidData" time="3.270"/>
  <testcase classname="com.qa.rest.tests.TestWeatherAPIWithDataProvider" name="verifyWithValidData" time="0.316"/>
  <testcase classname="com.qa.rest.tests.TestWeatherAPIWithDataProvider" name="verifyWithValidData" time="0.470"/>
  <testcase classname="com.qa.rest.tests.TestWeatherAPIWithDataProvider" name="verifyWithValidData" time="1.681"/>
  <testcase classname="com.qa.rest.tests.TestWeatherAPIWithDataProvider" name="verifyWithValidData" time="0.542"/>
  <testcase classname="com.qa.rest.tests.TestWeatherAPIWithDataProvider" name="verifyWithValidData" time="0.348"/>
  <testcase classname="com.qa.rest.tests.TestWeatherAPIWithDataProvider" name="verifyWithValidData" time="0.338"/>
  <testcase classname="com.qa.rest.tests.TestWeatherAPIWithDataProvider" name="verifyWithValidData" time="0.386"/>
  <testcase classname="com.qa.rest.tests.TestWeatherAPIWithDataProvider" name="verifyWithValidData" time="0.260"/>
  <testcase classname="com.qa.rest.tests.TestWeatherAPIWithDataProvider" name="verifyWithValidData" time="0.260"/>
  <testcase classname="com.qa.rest.tests.TestWeatherAPIWithDataProvider" name="verifyWithValidData" time="0.225"/>
  <testcase classname="com.qa.rest.tests.TestWeatherAPIWithDataProvider" name="verifyWithValidData" time="0.315"/>
  <testcase classname="com.qa.rest.tests.TestWeatherAPIWithDataProvider" name="verifyWithValidData" time="0.301"/>
  <testcase classname="com.qa.rest.tests.TestWeatherAPIWithDataProvider" name="verifyWithValidData" time="0.386"/>
  <testcase classname="com.qa.rest.tests.TestWeatherAPIWithDataProvider" name="verifyWithValidData" time="0.286"/>
  <testcase classname="com.qa.rest.tests.TestWeatherAPIWithDataProvider" name="verifyWithValidData" time="0.247"/>
  <testcase classname="com.qa.rest.tests.TestWeatherAPIWithDataProvider" name="verifyWithValidData" time="0.439"/>
  <testcase classname="com.qa.rest.tests.TestWeatherAPIWithDataProvider" name="verifyWithValidData" time="0.570"/>
  <testcase classname="com.qa.rest.tests.TestWeatherAPIWithDataProvider" name="verifyWithValidData" time="0.405"/>
  <testcase classname="com.qa.rest.tests.TestWeatherAPIWithDataProvider" name="verifyWithValidData" time="0.513"/>
  <testcase classname="com.qa.rest.tests.TestWeatherAPIWithDataProvider" name="verifyWithValidData" time="0.309"/>
  <testcase classname="com.qa.rest.tests.TestWeatherAPIWithDataProvider" name="verifyWithValidData" time="0.369"/>
  <testcase classname="com.qa.rest.tests.TestWeatherAPIWithDataProvider" name="verifyWithValidData" time="0.232"/>
  <testcase classname="com.qa.rest.tests.TestWeatherAPIWithDataProvider" name="verifyWithValidData" time="0.318"/>
  <testcase classname="com.qa.rest.tests.TestWeatherAPIWithDataProvider" name="verifyWithValidData" time="0.296"/>
  <testcase classname="com.qa.rest.tests.TestWeatherAPIWithDataProvider" name="verifyWithValidData" time="0.231"/>
  <testcase classname="com.qa.rest.tests.TestWeatherAPIWithDataProvider" name="verifyWithValidData" time="0.332"/>
  <testcase classname="com.qa.rest.tests.TestWeatherAPIWithDataProvider" name="verifyWithValidData" time="1.713"/>
  <testcase classname="com.qa.rest.tests.TestWeatherAPIWithDataProvider" name="verifyWithValidData" time="5.328"/>
  <testcase classname="com.qa.rest.tests.TestWeatherAPIWithDataProvider" name="verifyWithValidData" time="1.685"/>
  <testcase classname="com.qa.rest.tests.TestWeatherAPIWithDataProvider" name="verifyWithInvalidData" time="0.177"/>
  <testcase classname="com.qa.rest.tests.TestWeatherAPIWithDataProvider" name="verifyWithInvalidData" time="0.270"/>
  <testcase classname="com.qa.rest.tests.TestWeatherAPIWithDataProvider" name="verifyWithInvalidData" time="0.215"/>
  <testcase classname="com.qa.rest.tests.TestWeatherAPIWithDataProvider" name="verifyWithInvalidData" time="0.302"/>
  <testcase classname="com.qa.rest.tests.TestWeatherAPIWithDataProvider" name="verifyWithInvalidData" time="0.200"/>
  <testcase classname="com.qa.rest.tests.TestWeatherAPIWithDataProvider" name="verifyWithInvalidData" time="0.220"/>
  <testcase classname="com.qa.rest.tests.TestWeatherAPIWithDataProvider" name="verifyWithInvalidData" time="0.276"/>
  <testcase classname="com.qa.rest.tests.TestWeatherAPIWithDataProvider" name="verifyWithInvalidData" time="0.216"/>
  <testcase classname="com.qa.rest.tests.TestWeatherAPIWithDataProvider" name="verifyWithInvalidData" time="0.216"/>
  <testcase classname="com.qa.rest.tests.TestWeatherAPIWithDataProvider" name="verifyWithInvalidData" time="2.264"/>
  <testcase classname="com.qa.rest.tests.TestWeatherAPIWithDataProvider" name="verifyWithInvalidData" time="0.851"/>
  <testcase classname="com.qa.rest.tests.TestWeatherAPIWithDataProvider" name="verifyWithInvalidData" time="0.204"/>
  <testcase classname="com.qa.rest.tests.TestWeatherAPIWithDataProvider" name="verifyWithInvalidData" time="0.215"/>
  <testcase classname="com.qa.rest.tests.TestWeatherAPIWithDataProvider" name="verifyWithInvalidData" time="0.169"/>
  <testcase classname="com.qa.rest.tests.TestWeatherAPIWithDataProvider" name="verifyWithInvalidData" time="0.286"/>
  <testcase classname="com.qa.rest.tests.TestWeatherAPIWithDataProvider" name="verifyWithInvalidData" time="0.207"/>
  <testcase classname="com.qa.rest.tests.TestWeatherAPIWithDataProvider" name="verifyWithInvalidData" time="0.548"/>
  <testcase classname="com.qa.rest.tests.TestWeatherAPIWithDataProvider" name="verifyWithInvalidData" time="0.206"/>
  <testcase classname="com.qa.rest.tests.TestWeatherAPIWithDataProvider" name="verifyWithInvalidData" time="0.239"/>
  <testcase classname="com.qa.rest.tests.TestWeatherAPIWithDataProvider" name="verifyWithInvalidData" time="0.207"/>
  <testcase classname="com.qa.rest.tests.TestWeatherAPIWithDataProvider" name="verifyWithInvalidData" time="0.228"/>
  <testcase classname="com.qa.rest.tests.TestWeatherAPIWithDataProvider" name="verifyWithInvalidData" time="0.202"/>
  <testcase classname="com.qa.rest.tests.TestWeatherAPIWithDataProvider" name="verifyWithInvalidData" time="0.222"/>
  <testcase classname="com.qa.rest.tests.TestWeatherAPIWithDataProvider" name="verifyWithInvalidData" time="0.206"/>
  <testcase classname="com.qa.rest.tests.TestWeatherAPIWithDataProvider" name="verifyWithInvalidData" time="0.266"/>
  <testcase classname="com.qa.rest.tests.TestWeatherAPIWithDataProvider" name="verifyWithInvalidData" time="0.263"/>
  <testcase classname="com.qa.rest.tests.TestWeatherAPIWithDataProvider" name="verifyWithInvalidData" time="0.200"/>
  <testcase classname="com.qa.rest.tests.TestWeatherAPIWithDataProvider" name="verifyWithInvalidData" time="0.348"/>
  <testcase classname="com.qa.rest.tests.TestWeatherAPIWithDataProvider" name="verifyWithInvalidData" time="0.221"/>
  <testcase classname="com.qa.rest.tests.TestWeatherAPIWithDataProvider" name="verifyWithInvalidData" time="0.306"/>
</testsuite> <!-- com.qa.rest.tests.TestWeatherAPIWithDataProvider -->
