<?xml version="1.0" encoding="UTF-8"?>
<!-- Generated by org.testng.reporters.JUnitReportReporter -->
<testsuite hostname="DESKTOP-37A406O" failures="0" tests="2" name="com.qa.rest.tests.GetCallBDD" time="5.068" errors="0" timestamp="28 Apr 2019 18:39:13 GMT" skipped="0">
  <testcase classname="com.qa.rest.tests.GetCallBDD" name="test_numberOfCircuitsFor2017_Season" time="5.042"/>
  <testcase classname="com.qa.rest.tests.GetCallBDD" name="testNumberOfDriders" time="0.026"/>
</testsuite> <!-- com.qa.rest.tests.GetCallBDD -->
