<?xml version="1.0" encoding="UTF-8"?>
<!-- Generated by org.testng.reporters.JUnitReportReporter -->
<testsuite hostname="DESKTOP-37A406O" failures="0" tests="1" name="com.qa.rest.tests.TestCarRacingBDD" time="4.176" errors="0" timestamp="04 May 2019 04:25:21 GMT" skipped="0">
  <testcase classname="com.qa.rest.tests.TestCarRacingBDD" name="test_numberOfCircuitsFor2017_Season" time="4.176"/>
</testsuite> <!-- com.qa.rest.tests.TestCarRacingBDD -->
