<?xml version="1.0" encoding="UTF-8"?>
<!-- Generated by org.testng.reporters.JUnitReportReporter -->
<testsuite hostname="DESKTOP-37A406O" failures="0" tests="4" name="com.qa.rest.tests.TestWeatherAPI" time="1.451" errors="0" timestamp="04 May 2019 04:25:21 GMT" skipped="0">
  <testcase classname="com.qa.rest.tests.TestWeatherAPI" name="getWeatherOfBanglore" time="0.533"/>
  <testcase classname="com.qa.rest.tests.TestWeatherAPI" name="getWeatherBangaloreInvalidCity" time="0.153"/>
  <testcase classname="com.qa.rest.tests.TestWeatherAPI" name="getWeatherBangaloreInvalidKey" time="0.239"/>
  <testcase classname="com.qa.rest.tests.TestWeatherAPI" name="getWeatherOfDelhi" time="0.526"/>
</testsuite> <!-- com.qa.rest.tests.TestWeatherAPI -->
