<?xml version="1.0" encoding="UTF-8"?>
<!-- Generated by org.testng.reporters.JUnitReportReporter -->
<testsuite hostname="DESKTOP-37A406O" failures="0" tests="60" name="com.qa.rest.tests.TestWeatherAPIWithDataProvider" time="16.834" errors="0" timestamp="04 May 2019 04:25:21 GMT" skipped="0">
  <testcase classname="com.qa.rest.tests.TestWeatherAPIWithDataProvider" name="verifyWithValidData" time="0.222"/>
  <testcase classname="com.qa.rest.tests.TestWeatherAPIWithDataProvider" name="verifyWithValidData" time="0.202"/>
  <testcase classname="com.qa.rest.tests.TestWeatherAPIWithDataProvider" name="verifyWithValidData" time="0.417"/>
  <testcase classname="com.qa.rest.tests.TestWeatherAPIWithDataProvider" name="verifyWithValidData" time="0.232"/>
  <testcase classname="com.qa.rest.tests.TestWeatherAPIWithDataProvider" name="verifyWithValidData" time="0.493"/>
  <testcase classname="com.qa.rest.tests.TestWeatherAPIWithDataProvider" name="verifyWithValidData" time="0.257"/>
  <testcase classname="com.qa.rest.tests.TestWeatherAPIWithDataProvider" name="verifyWithValidData" time="0.617"/>
  <testcase classname="com.qa.rest.tests.TestWeatherAPIWithDataProvider" name="verifyWithValidData" time="0.359"/>
  <testcase classname="com.qa.rest.tests.TestWeatherAPIWithDataProvider" name="verifyWithValidData" time="0.270"/>
  <testcase classname="com.qa.rest.tests.TestWeatherAPIWithDataProvider" name="verifyWithValidData" time="0.238"/>
  <testcase classname="com.qa.rest.tests.TestWeatherAPIWithDataProvider" name="verifyWithValidData" time="0.338"/>
  <testcase classname="com.qa.rest.tests.TestWeatherAPIWithDataProvider" name="verifyWithValidData" time="0.233"/>
  <testcase classname="com.qa.rest.tests.TestWeatherAPIWithDataProvider" name="verifyWithValidData" time="0.307"/>
  <testcase classname="com.qa.rest.tests.TestWeatherAPIWithDataProvider" name="verifyWithValidData" time="0.256"/>
  <testcase classname="com.qa.rest.tests.TestWeatherAPIWithDataProvider" name="verifyWithValidData" time="0.379"/>
  <testcase classname="com.qa.rest.tests.TestWeatherAPIWithDataProvider" name="verifyWithValidData" time="0.538"/>
  <testcase classname="com.qa.rest.tests.TestWeatherAPIWithDataProvider" name="verifyWithValidData" time="0.401"/>
  <testcase classname="com.qa.rest.tests.TestWeatherAPIWithDataProvider" name="verifyWithValidData" time="0.358"/>
  <testcase classname="com.qa.rest.tests.TestWeatherAPIWithDataProvider" name="verifyWithValidData" time="0.285"/>
  <testcase classname="com.qa.rest.tests.TestWeatherAPIWithDataProvider" name="verifyWithValidData" time="0.325"/>
  <testcase classname="com.qa.rest.tests.TestWeatherAPIWithDataProvider" name="verifyWithValidData" time="0.323"/>
  <testcase classname="com.qa.rest.tests.TestWeatherAPIWithDataProvider" name="verifyWithValidData" time="0.318"/>
  <testcase classname="com.qa.rest.tests.TestWeatherAPIWithDataProvider" name="verifyWithValidData" time="0.282"/>
  <testcase classname="com.qa.rest.tests.TestWeatherAPIWithDataProvider" name="verifyWithValidData" time="0.233"/>
  <testcase classname="com.qa.rest.tests.TestWeatherAPIWithDataProvider" name="verifyWithValidData" time="0.234"/>
  <testcase classname="com.qa.rest.tests.TestWeatherAPIWithDataProvider" name="verifyWithValidData" time="0.383"/>
  <testcase classname="com.qa.rest.tests.TestWeatherAPIWithDataProvider" name="verifyWithValidData" time="0.354"/>
  <testcase classname="com.qa.rest.tests.TestWeatherAPIWithDataProvider" name="verifyWithValidData" time="0.354"/>
  <testcase classname="com.qa.rest.tests.TestWeatherAPIWithDataProvider" name="verifyWithValidData" time="0.426"/>
  <testcase classname="com.qa.rest.tests.TestWeatherAPIWithDataProvider" name="verifyWithValidData" time="0.323"/>
  <testcase classname="com.qa.rest.tests.TestWeatherAPIWithDataProvider" name="verifyWithInvalidData" time="0.248"/>
  <testcase classname="com.qa.rest.tests.TestWeatherAPIWithDataProvider" name="verifyWithInvalidData" time="0.207"/>
  <testcase classname="com.qa.rest.tests.TestWeatherAPIWithDataProvider" name="verifyWithInvalidData" time="0.202"/>
  <testcase classname="com.qa.rest.tests.TestWeatherAPIWithDataProvider" name="verifyWithInvalidData" time="0.201"/>
  <testcase classname="com.qa.rest.tests.TestWeatherAPIWithDataProvider" name="verifyWithInvalidData" time="0.185"/>
  <testcase classname="com.qa.rest.tests.TestWeatherAPIWithDataProvider" name="verifyWithInvalidData" time="0.252"/>
  <testcase classname="com.qa.rest.tests.TestWeatherAPIWithDataProvider" name="verifyWithInvalidData" time="0.324"/>
  <testcase classname="com.qa.rest.tests.TestWeatherAPIWithDataProvider" name="verifyWithInvalidData" time="0.226"/>
  <testcase classname="com.qa.rest.tests.TestWeatherAPIWithDataProvider" name="verifyWithInvalidData" time="0.230"/>
  <testcase classname="com.qa.rest.tests.TestWeatherAPIWithDataProvider" name="verifyWithInvalidData" time="0.316"/>
  <testcase classname="com.qa.rest.tests.TestWeatherAPIWithDataProvider" name="verifyWithInvalidData" time="0.248"/>
  <testcase classname="com.qa.rest.tests.TestWeatherAPIWithDataProvider" name="verifyWithInvalidData" time="0.200"/>
  <testcase classname="com.qa.rest.tests.TestWeatherAPIWithDataProvider" name="verifyWithInvalidData" time="0.210"/>
  <testcase classname="com.qa.rest.tests.TestWeatherAPIWithDataProvider" name="verifyWithInvalidData" time="0.216"/>
  <testcase classname="com.qa.rest.tests.TestWeatherAPIWithDataProvider" name="verifyWithInvalidData" time="0.185"/>
  <testcase classname="com.qa.rest.tests.TestWeatherAPIWithDataProvider" name="verifyWithInvalidData" time="0.331"/>
  <testcase classname="com.qa.rest.tests.TestWeatherAPIWithDataProvider" name="verifyWithInvalidData" time="0.201"/>
  <testcase classname="com.qa.rest.tests.TestWeatherAPIWithDataProvider" name="verifyWithInvalidData" time="0.193"/>
  <testcase classname="com.qa.rest.tests.TestWeatherAPIWithDataProvider" name="verifyWithInvalidData" time="0.203"/>
  <testcase classname="com.qa.rest.tests.TestWeatherAPIWithDataProvider" name="verifyWithInvalidData" time="0.222"/>
  <testcase classname="com.qa.rest.tests.TestWeatherAPIWithDataProvider" name="verifyWithInvalidData" time="0.342"/>
  <testcase classname="com.qa.rest.tests.TestWeatherAPIWithDataProvider" name="verifyWithInvalidData" time="0.197"/>
  <testcase classname="com.qa.rest.tests.TestWeatherAPIWithDataProvider" name="verifyWithInvalidData" time="0.300"/>
  <testcase classname="com.qa.rest.tests.TestWeatherAPIWithDataProvider" name="verifyWithInvalidData" time="0.185"/>
  <testcase classname="com.qa.rest.tests.TestWeatherAPIWithDataProvider" name="verifyWithInvalidData" time="0.199"/>
  <testcase classname="com.qa.rest.tests.TestWeatherAPIWithDataProvider" name="verifyWithInvalidData" time="0.194"/>
  <testcase classname="com.qa.rest.tests.TestWeatherAPIWithDataProvider" name="verifyWithInvalidData" time="0.211"/>
  <testcase classname="com.qa.rest.tests.TestWeatherAPIWithDataProvider" name="verifyWithInvalidData" time="0.239"/>
  <testcase classname="com.qa.rest.tests.TestWeatherAPIWithDataProvider" name="verifyWithInvalidData" time="0.210"/>
  <testcase classname="com.qa.rest.tests.TestWeatherAPIWithDataProvider" name="verifyWithInvalidData" time="0.200"/>
</testsuite> <!-- com.qa.rest.tests.TestWeatherAPIWithDataProvider -->
